[debug] [2020-03-11T19:36:48.880Z] ----------------------------------------------------------------------
[debug] [2020-03-11T19:36:48.882Z] Command:       C:\Program Files\nodejs\node.exe C:\Users\EliteDesk\AppData\Roaming\npm\node_modules\firebase-tools\lib\bin\firebase.js list
[debug] [2020-03-11T19:36:48.882Z] CLI Version:   7.14.0
[debug] [2020-03-11T19:36:48.882Z] Platform:      win32
[debug] [2020-03-11T19:36:48.882Z] Node Version:  v12.16.1
[debug] [2020-03-11T19:36:48.883Z] Time:          Wed Mar 11 2020 20:36:48 GMT+0100 (GMT+01:00)
[debug] [2020-03-11T19:36:48.883Z] ----------------------------------------------------------------------
[debug] [2020-03-11T19:36:48.883Z] 
[debug] [2020-03-11T19:36:48.890Z] > command requires scopes: ["email","openid","https://www.googleapis.com/auth/cloudplatformprojects.readonly","https://www.googleapis.com/auth/firebase","https://www.googleapis.com/auth/cloud-platform"]
[debug] [2020-03-11T19:36:48.891Z] > authorizing via signed-in user
[warn] This command is deprecated. Instead, use 'firebase projects:list' command to list your projects.
[debug] [2020-03-11T19:36:48.892Z] [WARNING] Error: getProjects() is deprecated - update the implementation
    at Object.getProjects (C:\Users\EliteDesk\AppData\Roaming\npm\node_modules\firebase-tools\lib\api.js:186:35)
    at Command.actionFn (C:\Users\EliteDesk\AppData\Roaming\npm\node_modules\firebase-tools\lib\commands\list.js:14:16)
    at Command.<anonymous> (C:\Users\EliteDesk\AppData\Roaming\npm\node_modules\firebase-tools\lib\command.js:158:25)
    at Generator.next (<anonymous>)
    at fulfilled (C:\Users\EliteDesk\AppData\Roaming\npm\node_modules\firebase-tools\lib\command.js:5:58)
    at processTicksAndRejections (internal/process/task_queues.js:97:5)
[debug] [2020-03-11T19:36:48.894Z] >>> HTTP REQUEST GET https://admin.firebase.com/v1/projects  
 
[debug] [2020-03-11T19:36:49.558Z] Error: certificate has expired
    at TLSSocket.onConnectSecure (_tls_wrap.js:1473:34)
    at TLSSocket.emit (events.js:311:20)
    at TLSSocket.EventEmitter.emit (domain.js:482:12)
    at TLSSocket._finishInit (_tls_wrap.js:916:8)
    at TLSWrap.ssl.onhandshakedone (_tls_wrap.js:686:12)
[error] 
[error] Error: Server Error. certificate has expired
